>ASTRTRM
>Aciri1_iso
>Acap
>Afum
>AUREO
>M437DRAFT
>M436DRAFT
>AsubEXF2481
>Aurpu_var_pul1
>Bauco1
>Capcor1
>Capep1
>PV04
>Clagr3
>Z519
>G647
>SAMN14852391_000001-T1
>PV07
>A1O5
>A1O7
>SAMN14852390_000001-T1
>Clafu1
>Csph
>Cocim1
>Cocba1
>W97
>SAMN14852392_000001-T1
>Cant
>Cmin
>Cypeu1
>Delst1
>JES113_000001-T1
>SAMN14852394_000001-T1
>Epal
>EurotioJF033F_1
>EurotioJF034F_1
>Eurhe1
>Exoalc1
>Exoalc1_J33
>A1O9
>HMPREF1120
>PV10
>B0A52
>PV06
>PV11
>PV08
>SAMN14852393_000001-T1
>SAMN03145801_000001-T1
>SAMN03176944_000001-T1
>PV05
>Z520
>Z517
>B0A54
>B0A55
>Glost2
>Horac1
>HTHA
>HWER
>SAMN14852389_000001-T1
>SAMN14852395_000001-T1
>SAMN07326825_000001-T1
>SAMN07339008_000001-T1
>CF317
>Mycgr3
>Myrdu1
>Myrian1
>Neopa1
>Neucr2
>PV09
>Phach1
>PHSAL
>Phiatt1
>Pieho1_1
>Polci1
>B0A48
>B0A51
>Z518
>Sscl
>Smac
>Symko1
>Ternu1
>Tryvi1
>Usnflo1
>Xanpa2
>Xylhe1
>Zymps1
